<?xml version="1.0" encoding="UTF-8"?>
<testsuites name="jest tests" tests="10" failures="0" errors="0" time="2.302">
  <testsuite name="undefined" errors="0" failures="0" skipped="0" timestamp="2025-05-24T15:34:45" time="0.537" tests="2">
    <testcase classname=" renders Add Employee form" name=" renders Add Employee form" time="0.017">
    </testcase>
    <testcase classname=" shows error if fields are empty and form is submitted" name=" shows error if fields are empty and form is submitted" time="0.058">
    </testcase>
  </testsuite>
  <testsuite name="Header Component" errors="0" failures="0" skipped="0" timestamp="2025-05-24T15:34:46" time="0.144" tests="2">
    <testcase classname="Header Component renders the header title and buttons" name="Header Component renders the header title and buttons" time="0.004">
    </testcase>
    <testcase classname="Header Component calls setIsAdding when Add Employee button is clicked" name="Header Component calls setIsAdding when Add Employee button is clicked" time="0.003">
    </testcase>
  </testsuite>
  <testsuite name="Dashboard Component" errors="0" failures="0" skipped="0" timestamp="2025-05-24T15:34:46" time="0.134" tests="2">
    <testcase classname="Dashboard Component renders Header and Table when not adding or editing" name="Dashboard Component renders Header and Table when not adding or editing" time="0.004">
    </testcase>
    <testcase classname="Dashboard Component displays employee data from localStorage if available" name="Dashboard Component displays employee data from localStorage if available" time="0.003">
    </testcase>
  </testsuite>
  <testsuite name="undefined" errors="0" failures="0" skipped="0" timestamp="2025-05-24T15:34:46" time="0.131" tests="1">
    <testcase classname=" renders employee in table view" name=" renders employee in table view" time="0.018">
    </testcase>
  </testsuite>
  <testsuite name="undefined" errors="0" failures="0" skipped="0" timestamp="2025-05-24T15:34:46" time="0.126" tests="1">
    <testcase classname=" renders without crashing" name=" renders without crashing" time="0.005">
    </testcase>
  </testsuite>
  <testsuite name="undefined" errors="0" failures="0" skipped="0" timestamp="2025-05-24T15:34:46" time="0.127" tests="1">
    <testcase classname=" renders Edit Employee form with populated values" name=" renders Edit Employee form with populated values" time="0.004">
    </testcase>
  </testsuite>
  <testsuite name="Footer Component" errors="0" failures="0" skipped="0" timestamp="2025-05-24T15:34:47" time="0.11" tests="1">
    <testcase classname="Footer Component renders footer with current year" name="Footer Component renders footer with current year" time="0.002">
    </testcase>
  </testsuite>
</testsuites>