<?xml version="1.0" encoding="UTF-8"?>
<testsuites name="jest tests" tests="3" failures="0" errors="0" time="1.896">
  <testsuite name="undefined" errors="0" failures="0" skipped="0" timestamp="2025-05-23T12:23:19" time="0.505" tests="1">
    <testcase classname=" renders without crashing" name=" renders without crashing" time="0.014">
    </testcase>
  </testsuite>
  <testsuite name="undefined" errors="0" failures="0" skipped="0" timestamp="2025-05-23T12:23:19" time="0.2" tests="2">
    <testcase classname=" renders Add Employee form" name=" renders Add Employee form" time="0.008">
    </testcase>
    <testcase classname=" shows error if fields are empty and form is submitted" name=" shows error if fields are empty and form is submitted" time="0.064">
    </testcase>
  </testsuite>
</testsuites>